<?xml version="1.0" encoding="UTF-8"?>
<testng-results ignored="0" total="1" passed="1" failed="0" skipped="0">
  <reporter-output>
  </reporter-output>
  <suite started-at="2026-04-18T09:19:37 ICT" name="Gradle suite" finished-at="2026-04-18T09:19:43 ICT" duration-ms="6415">
    <groups>
    </groups>
    <test started-at="2026-04-18T09:19:37 ICT" name="Gradle test" finished-at="2026-04-18T09:19:43 ICT" duration-ms="6415">
      <class name="testcase.register.Register_01_Verify_Successful">
        <test-method is-config="true" signature="beforeSuite()[pri:0, instance:testcase.register.Register_01_Verify_Successful@65aa6596]" started-at="2026-04-18T09:19:37 ICT" name="beforeSuite" finished-at="2026-04-18T09:19:37 ICT" duration-ms="148" status="PASS">
          <reporter-output>
          </reporter-output>
        </test-method> <!-- beforeSuite -->
        <test-method is-config="true" signature="beforeClass()[pri:0, instance:testcase.register.Register_01_Verify_Successful@65aa6596]" started-at="2026-04-18T09:19:37 ICT" name="beforeClass" finished-at="2026-04-18T09:19:39 ICT" duration-ms="2388" status="PASS">
          <reporter-output>
          </reporter-output>
        </test-method> <!-- beforeClass -->
        <test-method is-config="true" signature="beforeMethod(java.lang.reflect.Method)[pri:0, instance:testcase.register.Register_01_Verify_Successful@65aa6596]" started-at="2026-04-18T09:19:39 ICT" name="beforeMethod" finished-at="2026-04-18T09:19:39 ICT" duration-ms="12" status="PASS">
          <params>
            <param index="0">
              <value>
                <![CDATA[public void testcase.register.Register_01_Verify_Successful.verifySuccessfulRegister() throws java.lang.InterruptedException]]>
              </value>
            </param>
          </params>
          <reporter-output>
          </reporter-output>
        </test-method> <!-- beforeMethod -->
        <test-method signature="verifySuccessfulRegister()[pri:0, instance:testcase.register.Register_01_Verify_Successful@65aa6596]" started-at="2026-04-18T09:19:39 ICT" name="verifySuccessfulRegister" description="Verify user can register successfully with valid data" finished-at="2026-04-18T09:19:43 ICT" duration-ms="3768" status="PASS">
          <reporter-output>
          </reporter-output>
        </test-method> <!-- verifySuccessfulRegister -->
        <test-method is-config="true" signature="afterMethod(org.testng.ITestResult)[pri:0, instance:testcase.register.Register_01_Verify_Successful@65aa6596]" started-at="2026-04-18T09:19:43 ICT" name="afterMethod" finished-at="2026-04-18T09:19:43 ICT" duration-ms="2" status="PASS">
          <params>
            <param index="0">
              <value>
                <![CDATA[[TestResult name=verifySuccessfulRegister status=SUCCESS method=Register_01_Verify_Successful.verifySuccessfulRegister()[pri:0, instance:testcase.register.Register_01_Verify_Successful@65aa6596] output={null}]]]>
              </value>
            </param>
          </params>
          <reporter-output>
          </reporter-output>
        </test-method> <!-- afterMethod -->
        <test-method is-config="true" signature="afterClass()[pri:0, instance:testcase.register.Register_01_Verify_Successful@65aa6596]" started-at="2026-04-18T09:19:43 ICT" name="afterClass" finished-at="2026-04-18T09:19:43 ICT" duration-ms="210" status="PASS">
          <reporter-output>
          </reporter-output>
        </test-method> <!-- afterClass -->
        <test-method is-config="true" signature="afterSuite()[pri:0, instance:testcase.register.Register_01_Verify_Successful@65aa6596]" started-at="2026-04-18T09:19:43 ICT" name="afterSuite" finished-at="2026-04-18T09:19:44 ICT" duration-ms="345" status="PASS">
          <reporter-output>
          </reporter-output>
        </test-method> <!-- afterSuite -->
      </class> <!-- testcase.register.Register_01_Verify_Successful -->
    </test> <!-- Gradle test -->
  </suite> <!-- Gradle suite -->
</testng-results>
